Arguments: 
  /nix/store/4023c0ymrxsg1x36jxmnircqjl1y9fkq-nodejs-14.17.6/bin/node /Users/ecm/.nix-profile/bin/yarn install

PATH: 
  /Users/ecm/.nix-profile/bin:/Users/ecm/.nix-profile/bin:/usr/local/bin:/usr/bin:/bin:/usr/sbin:/sbin:/Applications/Postgres.app/Contents/Versions/latest/bin:/Users/ecm/.yarn/bin:/Users/ecm/.foundry/bin:/Applications/Postgres.app/Contents/Versions/latest/bin:/Users/ecm/.yarn/bin

Yarn version: 
  1.22.11

Node version: 
  14.17.6

Platform: 
  darwin x64

Trace: 
  Error: connect ECONNREFUSED 104.16.17.35:443
      at TCPConnectWrap.afterConnect [as oncomplete] (net.js:1148:16)

npm manifest: 
  {
    "name": "hardhat-project",
    "devDependencies": {
      "@nomiclabs/hardhat-ethers": "^2.0.5",
      "@nomiclabs/hardhat-etherscan": "^3.0.1",
      "@nomiclabs/hardhat-waffle": "^2.0.2",
      "@typechain/ethers-v5": "^7.2.0",
      "@typechain/hardhat": "^2.3.1",
      "@types/chai": "^4.3.0",
      "@types/mocha": "^9.1.0",
      "@types/node": "^12.20.46",
      "@typescript-eslint/eslint-plugin": "^4.33.0",
      "@typescript-eslint/parser": "^4.33.0",
      "chai": "^4.3.6",
      "dotenv": "^10.0.0",
      "eslint": "^7.32.0",
      "eslint-config-prettier": "^8.3.0",
      "eslint-config-standard": "^16.0.3",
      "eslint-plugin-import": "^2.25.4",
      "eslint-plugin-node": "^11.1.0",
      "eslint-plugin-prettier": "^3.4.1",
      "eslint-plugin-promise": "^5.2.0",
      "ethereum-waffle": "^3.4.0",
      "ethers": "^5.5.4",
      "hardhat": "^2.8.4",
      "hardhat-gas-reporter": "^1.0.7",
      "prettier": "^2.5.1",
      "prettier-plugin-solidity": "^1.0.0-beta.19",
      "solhint": "^3.3.7",
      "solidity-coverage": "^0.7.19",
      "ts-node": "^10.5.0",
      "typechain": "^5.2.0",
      "typescript": "^4.5.5"
    }
  }

yarn manifest: 
  No manifest

Lockfile: 
  No lockfile
